This is LuaHBTeX, Version 1.15.0 (TeX Live 2022)  (format=lualatex 2023.3.7)  29 MAY 2023 12:41
 system commands enabled.
 file:line:error style messages enabled.
**"e:/ChalmersOnedrive/OneDrive - Chalmers/文档/chalmers/sensor fusion/SensorFusion/project/project_report/SSY281Template"
("e:/ChalmersOnedrive/OneDrive - Chalmers/文档/chalmers/sensor fusion/SensorFusion/project/project_report/SSY281Template.tex"
LaTeX2e <2021-11-15> patch level 1
Lua module: luaotfload 2022-03-18 3.21 Lua based OpenType font support
Lua module: lualibs 2021-05-20 2.74 ConTeXt Lua standard libraries.
Lua module: lualibs-extended 2021-05-20 2.74 ConTeXt Lua libraries -- extended collection.
luaotfload | conf : Root cache directory is "D:/software/texlive/2022/texmf-var/luatex-cache/generic/names".
luaotfload | init : Loading fontloader "fontloader-2022-02-24.lua" from kpse-resolved path "d:/software/texlive/2022/texmf-dist/tex/luatex/luaotfload/fontloader-2022-02-24.lua".
Lua-only attribute luaotfload@noligature = 1
luaotfload | init : Context OpenType loader version 3.119
Inserting `luaotfload.node_processor' at position 1 in `pre_linebreak_filter'.
Inserting `luaotfload.node_processor' at position 1 in `hpack_filter'.
Inserting `luaotfload.glyph_stream' at position 1 in `glyph_stream_provider'.
Inserting `luaotfload.define_font' at position 1 in `define_font'.
Lua-only attribute luaotfload_color_attribute = 2
luaotfload | conf : Root cache directory is "D:/software/texlive/2022/texmf-var/luatex-cache/generic/names".
Inserting `luaotfload.harf.strip_prefix' at position 1 in `find_opentype_file'.
Inserting `luaotfload.harf.strip_prefix' at position 1 in `find_truetype_file'.
Removing  `luaotfload.glyph_stream' from `glyph_stream_provider'.
Inserting `luaotfload.harf.glyphstream' at position 1 in `glyph_stream_provider'.
Inserting `luaotfload.harf.finalize_vlist' at position 1 in `post_linebreak_filter'.
Inserting `luaotfload.harf.finalize_hlist' at position 2 in `hpack_filter'.
Inserting `luaotfload.cleanup_files' at position 1 in `wrapup_run'.
Inserting `luaotfload.harf.finalize_unicode' at position 1 in `finish_pdffile'.
Inserting `luaotfload.glyphinfo' at position 1 in `glyph_info'.
Lua-only attribute luaotfload.letterspace_done = 3
Inserting `luaotfload.aux.set_sscale_dimens' at position 1 in `luaotfload.patch_font'.
Inserting `luaotfload.aux.set_font_index' at position 2 in `luaotfload.patch_font'.
Inserting `luaotfload.aux.patch_cambria_domh' at position 3 in `luaotfload.patch_font'.
Inserting `luaotfload.aux.fixup_fontdata' at position 1 in `luaotfload.patch_font_unsafe'.
Inserting `luaotfload.aux.set_capheight' at position 4 in `luaotfload.patch_font'.
Inserting `luaotfload.aux.set_xheight' at position 5 in `luaotfload.patch_font'.
Inserting `luaotfload.rewrite_fontname' at position 6 in `luaotfload.patch_font'. L3 programming layer <2022-02-24>
Inserting `tracingstacklevels' at position 1 in `input_level_string'. (d:/software/texlive/2022/texmf-dist/tex/latex/base/article.cls
Document Class: article 2021/10/04 v1.4n Standard LaTeX document class
(d:/software/texlive/2022/texmf-dist/tex/latex/base/size12.clo
File: size12.clo 2021/10/04 v1.4n Standard LaTeX file (size option)
luaotfload | db : Font names database loaded from D:/software/texlive/2022/texmf-var/luatex-cache/generic/names/luaotfload-names.luc.gz)
\c@part=\count183
\c@section=\count184
\c@subsection=\count185
\c@subsubsection=\count186
\c@paragraph=\count187
\c@subparagraph=\count188
\c@figure=\count189
\c@table=\count190
\abovecaptionskip=\skip47
\belowcaptionskip=\skip48
\bibindent=\dimen137
) (d:/software/texlive/2022/texmf-dist/tex/latex/geometry/geometry.sty
Package: geometry 2020/01/02 v5.9 Page Geometry
 (d:/software/texlive/2022/texmf-dist/tex/latex/graphics/keyval.sty
Package: keyval 2014/10/28 v1.15 key=value parser (DPC)
\KV@toks@=\toks16
) (d:/software/texlive/2022/texmf-dist/tex/generic/iftex/ifvtex.sty
Package: ifvtex 2019/10/25 v1.7 ifvtex legacy package. Use iftex instead.
 (d:/software/texlive/2022/texmf-dist/tex/generic/iftex/iftex.sty
Package: iftex 2022/02/03 v1.0f TeX engine tests
))
\Gm@cnth=\count191
\Gm@cntv=\count192
\c@Gm@tempcnt=\count193
\Gm@bindingoffset=\dimen138
\Gm@wd@mp=\dimen139
\Gm@odd@mp=\dimen140
\Gm@even@mp=\dimen141
\Gm@layoutwidth=\dimen142
\Gm@layoutheight=\dimen143
\Gm@layouthoffset=\dimen144
\Gm@layoutvoffset=\dimen145
\Gm@dimlist=\toks17
) (d:/software/texlive/2022/texmf-dist/tex/latex/graphics/graphicx.sty
Package: graphicx 2021/09/16 v1.2d Enhanced LaTeX Graphics (DPC,SPQR)
 (d:/software/texlive/2022/texmf-dist/tex/latex/graphics/graphics.sty
Package: graphics 2021/03/04 v1.4d Standard LaTeX Graphics (DPC,SPQR)
 (d:/software/texlive/2022/texmf-dist/tex/latex/graphics/trig.sty
Package: trig 2021/08/11 v1.11 sin cos tan (DPC)
) (d:/software/texlive/2022/texmf-dist/tex/latex/graphics-cfg/graphics.cfg
File: graphics.cfg 2016/06/04 v1.11 sample graphics configuration
)
Package graphics Info: Driver file: luatex.def on input line 107.
 (d:/software/texlive/2022/texmf-dist/tex/latex/graphics-def/luatex.def
File: luatex.def 2021/06/01 v1.2c Graphics/color driver for luatex
))
\Gin@req@height=\dimen146
\Gin@req@width=\dimen147
) (d:/software/texlive/2022/texmf-dist/tex/latex/float/float.sty
Package: float 2001/11/08 v1.3d Float enhancements (AL)
\c@float@type=\count194
\float@exts=\toks18
\float@box=\box50
\@float@everytoks=\toks19
\@floatcapt=\box51
) (d:/software/texlive/2022/texmf-dist/tex/latex/wrapfig/wrapfig.sty
\wrapoverhang=\dimen148
\WF@size=\dimen149
\c@WF@wrappedlines=\count195
\WF@box=\box52
\WF@everypar=\toks20
Package: wrapfig 2003/01/31  v 3.6
) (d:/software/texlive/2022/texmf-dist/tex/latex/caption/caption.sty
Package: caption 2022/03/01 v3.6b Customizing captions (AR)
 (d:/software/texlive/2022/texmf-dist/tex/latex/caption/caption3.sty
Package: caption3 2022/03/17 v2.3b caption3 kernel (AR)
\caption@tempdima=\dimen150
\captionmargin=\dimen151
\caption@leftmargin=\dimen152
\caption@rightmargin=\dimen153
\caption@width=\dimen154
\caption@indent=\dimen155
\caption@parindent=\dimen156
\caption@hangindent=\dimen157
Package caption Info: Standard document class detected.
)
\c@caption@flags=\count196
\c@continuedfloat=\count197
Package caption Info: float package is loaded.
Package caption Info: wrapfig package is loaded.
) (d:/software/texlive/2022/texmf-dist/tex/latex/caption/subcaption.sty
Package: subcaption 2022/01/07 v1.5 Sub-captions (AR)
\c@subfigure=\count198
\c@subtable=\count199
) (d:/software/texlive/2022/texmf-dist/tex/latex/epstopdf-pkg/epstopdf.sty
Package: epstopdf 2020-01-24 v2.11 Conversion with epstopdf on the fly (HO)
 (d:/software/texlive/2022/texmf-dist/tex/generic/infwarerr/infwarerr.sty
Package: infwarerr 2019/12/03 v1.5 Providing info/warning/error messages (HO)
) (d:/software/texlive/2022/texmf-dist/tex/latex/grfext/grfext.sty
Package: grfext 2019/12/03 v1.3 Manage graphics extensions (HO)
 (d:/software/texlive/2022/texmf-dist/tex/generic/kvdefinekeys/kvdefinekeys.sty
Package: kvdefinekeys 2019-12-19 v1.6 Define keys (HO)
)) (d:/software/texlive/2022/texmf-dist/tex/latex/kvoptions/kvoptions.sty
Package: kvoptions 2020-10-07 v3.14 Key value format for package options (HO)
 (d:/software/texlive/2022/texmf-dist/tex/generic/ltxcmds/ltxcmds.sty
Package: ltxcmds 2020-05-10 v1.25 LaTeX kernel commands for general use (HO)
) (d:/software/texlive/2022/texmf-dist/tex/generic/kvsetkeys/kvsetkeys.sty
Package: kvsetkeys 2019/12/15 v1.18 Key value parser (HO)
)) (d:/software/texlive/2022/texmf-dist/tex/generic/pdftexcmds/pdftexcmds.sty
Package: pdftexcmds 2020-06-27 v0.33 Utility functions of pdfTeX for LuaTeX (HO)
Package pdftexcmds Info: \pdf@primitive is available.
Package pdftexcmds Info: \pdf@ifprimitive is available.
Package pdftexcmds Info: \pdfdraftmode found.
\pdftexcmds@toks=\toks21
) (d:/software/texlive/2022/texmf-dist/tex/latex/epstopdf-pkg/epstopdf-base.sty
Package: epstopdf-base 2020-01-24 v2.11 Base part for package epstopdf
Package epstopdf-base Info: Redefining graphics rule for `.eps' on input line 485.
Package grfext Info: Graphics extension search list:
(grfext)             [.pdf,.png,.jpg,.mps,.jpeg,.jbig2,.jb2,.PDF,.PNG,.JPG,.JPEG,.JBIG2,.JB2,.eps]
(grfext)             \AppendGraphicsExtensions on input line 504.
 (d:/software/texlive/2022/texmf-dist/tex/latex/latexconfig/epstopdf-sys.cfg
File: epstopdf-sys.cfg 2010/07/13 v1.3 Configuration of (r)epstopdf for TeX Live
))) (d:/software/texlive/2022/texmf-dist/tex/latex/diagbox/diagbox.sty
Package: diagbox 2020/02/09 v2.3 Making table heads with diagonal lines
 (d:/software/texlive/2022/texmf-dist/tex/latex/pict2e/pict2e.sty
Package: pict2e 2020/09/30 v0.4b Improved picture commands (HjG,RN,JT)
 (d:/software/texlive/2022/texmf-dist/tex/latex/pict2e/pict2e.cfg
File: pict2e.cfg 2016/02/05 v0.1u pict2e configuration for teTeX/TeXLive
)
Package pict2e Info: Driver file: luatex.def on input line 112.
Package pict2e Info: Driver file for pict2e: p2e-luatex.def on input line 114.
 (d:/software/texlive/2022/texmf-dist/tex/latex/pict2e/p2e-luatex.def
File: p2e-luatex.def 2016/02/05 v0.1u Driver-dependant file (RN,HjG,JT)
)
\pIIe@GRAPH=\toks22
\@arclen=\dimen158
\@arcrad=\dimen159
\pIIe@tempdima=\dimen160
\pIIe@tempdimb=\dimen161
\pIIe@tempdimc=\dimen162
\pIIe@tempdimd=\dimen163
\pIIe@tempdime=\dimen164
\pIIe@tempdimf=\dimen165
) (d:/software/texlive/2022/texmf-dist/tex/latex/tools/calc.sty
Package: calc 2017/05/25 v4.3 Infix arithmetic (KKT,FJ)
\calc@Acount=\count266
\calc@Bcount=\count267
\calc@Adimen=\dimen166
\calc@Bdimen=\dimen167
\calc@Askip=\skip49
\calc@Bskip=\skip50
LaTeX Info: Redefining \setlength on input line 80.
LaTeX Info: Redefining \addtolength on input line 81.
\calc@Ccount=\count268
\calc@Cskip=\skip51
) (d:/software/texlive/2022/texmf-dist/tex/latex/tools/array.sty
Package: array 2021/10/04 v2.5f Tabular extension package (FMi)
\col@sep=\dimen168
\ar@mcellbox=\box53
\extrarowheight=\dimen169
\NC@list=\toks23
\extratabsurround=\skip52
\backup@length=\skip53
\ar@cellbox=\box54
)
\diagbox@boxa=\box55
\diagbox@boxb=\box56
\diagbox@boxm=\box57
\diagbox@wd=\dimen170
\diagbox@ht=\dimen171
\diagbox@insepl=\dimen172
\diagbox@insepr=\dimen173
\diagbox@outsepl=\dimen174
\diagbox@outsepr=\dimen175
) (d:/software/texlive/2022/texmf-dist/tex/latex/amsfonts/amssymb.sty
Package: amssymb 2013/01/14 v3.01 AMS font symbols
 (d:/software/texlive/2022/texmf-dist/tex/latex/amsfonts/amsfonts.sty
Package: amsfonts 2013/01/14 v3.01 Basic AMSFonts support
\@emptytoks=\toks24
\symAMSa=\mathgroup4
\symAMSb=\mathgroup5
LaTeX Font Info:    Redeclaring math symbol \hbar on input line 98.
LaTeX Font Info:    Overwriting math alphabet `\mathfrak' in version `bold'
(Font)                  U/euf/m/n --> U/euf/b/n on input line 106.
)) (d:/software/texlive/2022/texmf-dist/tex/latex/amsmath/amsmath.sty
Package: amsmath 2021/10/15 v2.17l AMS math features
\@mathmargin=\skip54

For additional information on amsmath, use the `?' option.
(d:/software/texlive/2022/texmf-dist/tex/latex/amsmath/amstext.sty
Package: amstext 2021/08/26 v2.01 AMS text
 (d:/software/texlive/2022/texmf-dist/tex/latex/amsmath/amsgen.sty
File: amsgen.sty 1999/11/30 v2.0 generic functions
\@emptytoks=\toks25
\ex@=\dimen176
)) (d:/software/texlive/2022/texmf-dist/tex/latex/amsmath/amsbsy.sty
Package: amsbsy 1999/11/29 v1.2d Bold Symbols
\pmbraise@=\dimen177
) (d:/software/texlive/2022/texmf-dist/tex/latex/amsmath/amsopn.sty
Package: amsopn 2021/08/26 v2.02 operator names
)
\inf@bad=\count269
LaTeX Info: Redefining \frac on input line 236.
\uproot@=\count270
\leftroot@=\count271
LaTeX Info: Redefining \overline on input line 399.
\classnum@=\count272
\DOTSCASE@=\count273
LaTeX Info: Redefining \ldots on input line 496.
LaTeX Info: Redefining \dots on input line 499.
LaTeX Info: Redefining \cdots on input line 620.
\Mathstrutbox@=\box58
\strutbox@=\box59
\big@size=\dimen178
LaTeX Font Info:    Redeclaring font encoding OML on input line 743.
LaTeX Font Info:    Redeclaring font encoding OMS on input line 744.
\macc@depth=\count274
\c@MaxMatrixCols=\count275
\dotsspace@=\muskip16
\c@parentequation=\count276
\dspbrk@lvl=\count277
\tag@help=\toks26
\row@=\count278
\column@=\count279
\maxfields@=\count280
\andhelp@=\toks27
\eqnshift@=\dimen179
\alignsep@=\dimen180
\tagshift@=\dimen181
\tagwidth@=\dimen182
\totwidth@=\dimen183
\lineht@=\dimen184
\@envbody=\toks28
\multlinegap=\skip55
\multlinetaggap=\skip56
\mathdisplay@stack=\toks29
LaTeX Info: Redefining \[ on input line 2938.
LaTeX Info: Redefining \] on input line 2939.
) (d:/software/texlive/2022/texmf-dist/tex/latex/algorithms/algorithm.sty
Package: algorithm 2009/08/24 v0.1 Document Style `algorithm' - floating environment
 (d:/software/texlive/2022/texmf-dist/tex/latex/base/ifthen.sty
Package: ifthen 2020/11/24 v1.1c Standard LaTeX ifthen package (DPC)
)
\@float@every@algorithm=\toks30
\c@algorithm=\count281
) (d:/software/texlive/2022/texmf-dist/tex/latex/algorithmicx/algpseudocode.sty
Package: algpseudocode 
 (d:/software/texlive/2022/texmf-dist/tex/latex/algorithmicx/algorithmicx.sty
Package: algorithmicx 2005/04/27 v1.2 Algorithmicx

Document Style algorithmicx 1.2 - a greatly improved `algorithmic' style
\c@ALG@line=\count282
\c@ALG@rem=\count283
\c@ALG@nested=\count284
\ALG@tlm=\skip57
\ALG@thistlm=\skip58
\c@ALG@Lnr=\count285
\c@ALG@blocknr=\count286
\c@ALG@storecount=\count287
\c@ALG@tmpcounter=\count288
\ALG@tmplength=\skip59
)
Document Style - pseudocode environments for use with the `algorithmicx' style
) ("e:/ChalmersOnedrive/OneDrive - Chalmers/文档/chalmers/sensor fusion/SensorFusion/project/project_report/mcode.sty"
-- Package: `mcode' 2.5 <2014/03/06> --
Package: mcode 2014/03/06 2.5
 - settings optimized for display (colour formating)
(d:/software/texlive/2022/texmf-dist/tex/latex/xcolor/xcolor.sty
Package: xcolor 2021/10/31 v2.13 LaTeX color extensions (UK)
 (d:/software/texlive/2022/texmf-dist/tex/latex/graphics-cfg/color.cfg
File: color.cfg 2016/01/02 v1.6 sample color configuration
)
Package xcolor Info: Driver file: luatex.def on input line 227.
Package xcolor Info: Model `cmy' substituted by `cmy0' on input line 1352.
Package xcolor Info: Model `hsb' substituted by `rgb' on input line 1356.
Package xcolor Info: Model `RGB' extended on input line 1368.
Package xcolor Info: Model `HTML' substituted by `rgb' on input line 1370.
Package xcolor Info: Model `Hsb' substituted by `hsb' on input line 1371.
Package xcolor Info: Model `tHsb' substituted by `hsb' on input line 1372.
Package xcolor Info: Model `HSB' substituted by `hsb' on input line 1373.
Package xcolor Info: Model `Gray' substituted by `gray' on input line 1374.
Package xcolor Info: Model `wave' substituted by `hsb' on input line 1375.
) (d:/software/texlive/2022/texmf-dist/tex/latex/listings/listings.sty
\lst@mode=\count289
\lst@gtempboxa=\box60
\lst@token=\toks31
\lst@length=\count290
\lst@currlwidth=\dimen185
\lst@column=\count291
\lst@pos=\count292
\lst@lostspace=\dimen186
\lst@width=\dimen187
\lst@newlines=\count293
\lst@lineno=\count294
\lst@maxwidth=\dimen188
 (d:/software/texlive/2022/texmf-dist/tex/latex/listings/lstmisc.sty
File: lstmisc.sty 2020/03/24 1.8d (Carsten Heinz)
\c@lstnumber=\count295
\lst@skipnumbers=\count296
\lst@framebox=\box61
) (d:/software/texlive/2022/texmf-dist/tex/latex/listings/listings.cfg
File: listings.cfg 2020/03/24 1.8d listings configuration
))
Package: listings 2020/03/24 1.8d (Carsten Heinz)
) (d:/software/texlive/2022/texmf-dist/tex/latex/tools/enumerate.sty
Package: enumerate 2015/07/23 v3.00 enumerate extensions (DPC)
\@enLab=\toks32
) (d:/software/texlive/2022/texmf-dist/tex/latex/tools/indentfirst.sty
Package: indentfirst 1995/11/23 v1.03 Indent first paragraph (DPC)
) (d:/software/texlive/2022/texmf-dist/tex/latex/listings/lstlang1.sty
File: lstlang1.sty 2020/03/24 1.8d listings language file
) (d:/software/texlive/2022/texmf-dist/tex/latex/l3backend/l3backend-luatex.def
File: l3backend-luatex.def 2022-02-07 L3 backend support: PDF output (LuaTeX)
\l__color_backend_stack_int=\count297
\l__pdf_internal_box=\box62
) ("e:/ChalmersOnedrive/OneDrive - Chalmers/文档/chalmers/sensor fusion/SensorFusion/project/project_report/SSY281Template.aux"

LaTeX Warning: Label `label' multiply defined.


LaTeX Warning: Label `label' multiply defined.


LaTeX Warning: Label `label' multiply defined.


LaTeX Warning: Label `label' multiply defined.

)
\openout1 = SSY281Template.aux

LaTeX Font Info:    Checking defaults for OML/cmm/m/it on input line 67.
LaTeX Font Info:    ... okay on input line 67.
LaTeX Font Info:    Checking defaults for OMS/cmsy/m/n on input line 67.
LaTeX Font Info:    ... okay on input line 67.
LaTeX Font Info:    Checking defaults for OT1/cmr/m/n on input line 67.
LaTeX Font Info:    ... okay on input line 67.
LaTeX Font Info:    Checking defaults for T1/cmr/m/n on input line 67.
LaTeX Font Info:    ... okay on input line 67.
LaTeX Font Info:    Checking defaults for TS1/cmr/m/n on input line 67.
LaTeX Font Info:    Trying to load font information for TS1+cmr on input line 67.
 (d:/software/texlive/2022/texmf-dist/tex/latex/base/ts1cmr.fd
File: ts1cmr.fd 2019/12/16 v2.5j Standard LaTeX font definitions
)
LaTeX Font Info:    ... okay on input line 67.
LaTeX Font Info:    Checking defaults for TU/lmr/m/n on input line 67.
LaTeX Font Info:    ... okay on input line 67.
LaTeX Font Info:    Checking defaults for OMX/cmex/m/n on input line 67.
LaTeX Font Info:    ... okay on input line 67.
LaTeX Font Info:    Checking defaults for U/cmr/m/n on input line 67.
LaTeX Font Info:    ... okay on input line 67.

*geometry* driver: auto-detecting
*geometry* detected driver: luatex
*geometry* verbose mode - [ preamble ] result:
* driver: luatex
* paper: a4paper
* layout: <same size as paper>
* layoutoffset:(h,v)=(0.0pt,0.0pt)
* modes: 
* h-part:(L,W,R)=(89.62709pt, 418.25368pt, 89.6271pt)
* v-part:(T,H,B)=(101.40665pt, 591.5302pt, 152.11pt)
* \paperwidth=597.50787pt
* \paperheight=845.04684pt
* \textwidth=418.25368pt
* \textheight=591.5302pt
* \oddsidemargin=17.3571pt
* \evensidemargin=17.3571pt
* \topmargin=-7.86334pt
* \headheight=12.0pt
* \headsep=25.0pt
* \topskip=12.0pt
* \footskip=30.0pt
* \marginparwidth=44.0pt
* \marginparsep=10.0pt
* \columnsep=10.0pt
* \skip\footins=10.8pt plus 4.0pt minus 2.0pt
* \hoffset=0.0pt
* \voffset=0.0pt
* \mag=1000
* \@twocolumnfalse
* \@twosidefalse
* \@mparswitchfalse
* \@reversemarginfalse
* (1in=72.27pt=25.4mm, 1cm=28.453pt)

(d:/software/texlive/2022/texmf-dist/tex/context/base/mkii/supp-pdf.mkii
[Loading MPS to PDF converter (version 2006.09.02).]
\scratchcounter=\count298
\scratchdimen=\dimen189
\scratchbox=\box63
\nofMPsegments=\count299
\nofMParguments=\count300
\everyMPshowfont=\toks33
\MPscratchCnt=\count301
\MPscratchDim=\dimen190
\MPnumerator=\count302
\makeMPintoPDFobject=\count303
\everyMPtoPDFconversion=\toks34
)
Package caption Info: Begin \AtBeginDocument code.
Package caption Info: listings package is loaded.
Package caption Info: End \AtBeginDocument code.
\c@lstlisting=\count304
LaTeX Font Info:    Trying to load font information for U+msa on input line 68.
 (d:/software/texlive/2022/texmf-dist/tex/latex/amsfonts/umsa.fd
File: umsa.fd 2013/01/14 v3.01 AMS symbols A
)
LaTeX Font Info:    Trying to load font information for U+msb on input line 68.
 (d:/software/texlive/2022/texmf-dist/tex/latex/amsfonts/umsb.fd
File: umsb.fd 2013/01/14 v3.01 AMS symbols B
) [1

{d:/software/texlive/2022/texmf-var/fonts/map/pdftex/updmap/pdftex.map}] ("e:/ChalmersOnedrive/OneDrive - Chalmers/文档/chalmers/sensor fusion/SensorFusion/project/project_report/Q1.tex" [2] [3]) ("e:/ChalmersOnedrive/OneDrive - Chalmers/文档/chalmers/sensor fusion/SensorFusion/project/project_report/Q2.tex"
<images/acc.png, id=18, 749.80125pt x 595.47469pt>
File: images/acc.png Graphic file (type png)
<use images/acc.png>
Package luatex.def Info: images/acc.png  used on input line 16.
(luatex.def)             Requested size: 292.77629pt x 232.51585pt.
 [4]
<images/gyroscope.png, id=22, 782.17218pt x 603.75563pt>
File: images/gyroscope.png Graphic file (type png)
<use images/gyroscope.png>
Package luatex.def Info: images/gyroscope.png  used on input line 23.
(luatex.def)             Requested size: 292.77629pt x 225.99324pt.
<images/magnetometers.png, id=23, 754.31813pt x 609.02531pt>
File: images/magnetometers.png Graphic file (type png)
<use images/magnetometers.png>
Package luatex.def Info: images/magnetometers.png  used on input line 30.
(luatex.def)             Requested size: 292.77629pt x 236.37587pt.
 [5<./images/acc.png><./images/gyroscope.png>]
<images/histogramacc.png, id=28, 754.31813pt x 586.44093pt>
File: images/histogramacc.png Graphic file (type png)
<use images/histogramacc.png>
Package luatex.def Info: images/histogramacc.png  used on input line 41.
(luatex.def)             Requested size: 292.77629pt x 227.61038pt.
 [6<./images/magnetometers.png>]
<images/histogramgyroscope.png, id=32, 746.03719pt x 586.44093pt>
File: images/histogramgyroscope.png Graphic file (type png)
<use images/histogramgyroscope.png>
Package luatex.def Info: images/histogramgyroscope.png  used on input line 54.
(luatex.def)             Requested size: 292.77629pt x 230.14278pt.
 [7<./images/histogramacc.png>]
<images/hismagnetometer.png, id=36, 730.98094pt x 584.93532pt>
File: images/hismagnetometer.png Graphic file (type png)
<use images/hismagnetometer.png>
Package luatex.def Info: images/hismagnetometer.png  used on input line 71.
(luatex.def)             Requested size: 292.77629pt x 234.28236pt.
 [8<./images/histogramgyroscope.png>] [9<./images/hismagnetometer.png>]) ("e:/ChalmersOnedrive/OneDrive - Chalmers/文档/chalmers/sensor fusion/SensorFusion/project/project_report/Q3.tex"
Missing character: There is no Δ (U+0394) in font cmmi12!
Missing character: There is no Δ (U+0394) in font cmmi12!
Missing character: There is no Δ (U+0394) in font cmmi12!
Missing character: There is no Δ (U+0394) in font cmmi12!

Overfull \hbox (18.49551pt too wide) in paragraph at lines 14--16
[]\TU/lmr/m/n/12 Ap-ply-ing the in-te-gral on the left side: $\OML/cmm/m/it/12 q\OT1/cmr/m/n/12 (\OML/cmm/m/it/12 t[]\OT1/cmr/m/n/12 ) \OMS/cmsy/m/n/12 ^^@ \OML/cmm/m/it/12 q\OT1/cmr/m/n/12 (\OML/cmm/m/it/12 t[]\OT1/cmr/m/n/12 ) = []\OML/cmm/m/it/12 S\OT1/cmr/m/n/12 (\OML/cmm/m/it/12 ![] \OT1/cmr/m/n/12 + \OML/cmm/m/it/12 v[]\OT1/cmr/m/n/12 ) [][] \OML/cmm/m/it/12 q\OT1/cmr/m/n/12 (\OML/cmm/m/it/12 t\OT1/cmr/m/n/12 )\OML/cmm/m/it/12 dt:$ 
 []

Missing character: There is no Δ (U+0394) in font cmmi12!
Missing character: There is no Δ (U+0394) in font cmmi12!
Missing character: There is no ≈ (U+2248) in font cmr12!
Missing character: There is no Δ (U+0394) in font cmmi12!
Missing character: There is no Δ (U+0394) in font cmmi12!
Missing character: There is no Δ (U+0394) in font cmmi12!
Missing character: There is no Δ (U+0394) in font cmmi12!
[10]
Overfull \hbox (1.11763pt too wide) in paragraph at lines 51--52
[]\TU/lmr/m/n/12 In the func-tion \TU/lmtt/m/n/12 Task5_filterTemple\TU/lmr/m/n/12 , I ap-plied the \TU/lmtt/m/n/12 tu_qw \TU/lmr/m/n/12 and \TU/lmtt/m/n/12 mu_normalizeQ
 []

<images/beginning.png, id=54, 589.4522pt x 380.92313pt>
File: images/beginning.png Graphic file (type png)
<use images/beginning.png>
Package luatex.def Info: images/beginning.png  used on input line 63.
(luatex.def)             Requested size: 125.47737pt x 81.08313pt.
<images/drift1.png, id=55, 576.65437pt x 447.17062pt>
File: images/drift1.png Graphic file (type png)
<use images/drift1.png>
Package luatex.def Info: images/drift1.png  used on input line 69.
(luatex.def)             Requested size: 125.47737pt x 97.29976pt.
<images/drift2.png, id=56, 565.36218pt x 452.4403pt>
File: images/drift2.png Graphic file (type png)
<use images/drift2.png>
Package luatex.def Info: images/drift2.png  used on input line 75.
(luatex.def)             Requested size: 125.47737pt x 100.41394pt.
[11]) ("e:/ChalmersOnedrive/OneDrive - Chalmers/文档/chalmers/sensor fusion/SensorFusion/project/project_report/Acc.tex"
<images/7start.png, id=62, 526.96875pt x 444.15938pt>
File: images/7start.png Graphic file (type png)
<use images/7start.png>
Package luatex.def Info: images/7start.png  used on input line 28.
(luatex.def)             Requested size: 250.95476pt x 211.52007pt.
 [12<./images/beginning.png><./images/drift1.png><./images/drift2.png>]
<images/rightleft.png, id=66, 526.96875pt x 444.15938pt>
File: images/rightleft.png Graphic file (type png)
<use images/rightleft.png>
Package luatex.def Info: images/rightleft.png  used on input line 37.
(luatex.def)             Requested size: 250.95476pt x 211.52007pt.
<images/flipright.png, id=67, 526.96875pt x 444.15938pt>
File: images/flipright.png Graphic file (type png)
<use images/flipright.png>
Package luatex.def Info: images/flipright.png  used on input line 45.
(luatex.def)             Requested size: 250.95476pt x 211.52007pt.
 [13<./images/7start.png><./images/rightleft.png>]
<images/forward.png, id=71, 526.96875pt x 444.15938pt>
File: images/forward.png Graphic file (type png)
<use images/forward.png>
Package luatex.def Info: images/forward.png  used on input line 54.
(luatex.def)             Requested size: 250.95476pt x 211.52007pt.
<images/rotatey.png, id=72, 526.96875pt x 444.15938pt>
File: images/rotatey.png Graphic file (type png)
<use images/rotatey.png>
Package luatex.def Info: images/rotatey.png  used on input line 63.
(luatex.def)             Requested size: 250.95476pt x 211.52007pt.
 [14<./images/flipright.png><./images/forward.png>]
<images/goright.png, id=77, 526.96875pt x 444.15938pt>
File: images/goright.png Graphic file (type png)
<use images/goright.png>
Package luatex.def Info: images/goright.png  used on input line 72.
(luatex.def)             Requested size: 250.95476pt x 211.52007pt.
<images/beginwithoutlier.png, id=78, 526.96875pt x 444.15938pt>
File: images/beginwithoutlier.png Graphic file (type png)
<use images/beginwithoutlier.png>
Package luatex.def Info: images/beginwithoutlier.png  used on input line 84.
(luatex.def)             Requested size: 250.95476pt x 211.52007pt.
 [15<./images/rotatey.png><./images/goright.png>]
<images/20range.png, id=82, 526.96875pt x 444.15938pt>
File: images/20range.png Graphic file (type png)
<use images/20range.png>
Package luatex.def Info: images/20range.png  used on input line 93.
(luatex.def)             Requested size: 250.95476pt x 211.52007pt.
<images/new10begin.png, id=83, 526.96875pt x 444.15938pt>
File: images/new10begin.png Graphic file (type png)
<use images/new10begin.png>
Package luatex.def Info: images/new10begin.png  used on input line 102.
(luatex.def)             Requested size: 250.95476pt x 211.52007pt.
 [16<./images/beginwithoutlier.png><./images/20range.png>]
<images/10rangeshake.png, id=87, 526.96875pt x 444.15938pt>
File: images/10rangeshake.png Graphic file (type png)
<use images/10rangeshake.png>
Package luatex.def Info: images/10rangeshake.png  used on input line 111.
(luatex.def)             Requested size: 250.95476pt x 211.52007pt.
<images/violent10.png, id=88, 526.96875pt x 444.15938pt>
File: images/violent10.png Graphic file (type png)
<use images/violent10.png>
Package luatex.def Info: images/violent10.png  used on input line 120.
(luatex.def)             Requested size: 250.95476pt x 211.52007pt.
 [17<./images/new10begin.png><./images/10rangeshake.png>]) ("e:/ChalmersOnedrive/OneDrive - Chalmers/文档/chalmers/sensor fusion/SensorFusion/project/project_report/Mag.tex" [18<./images/violent10.png>]
<images/magbegin.png, id=95, 526.96875pt x 444.15938pt>
File: images/magbegin.png Graphic file (type png)
<use images/magbegin.png>
Package luatex.def Info: images/magbegin.png  used on input line 27.
(luatex.def)             Requested size: 250.95476pt x 211.52007pt.
 [19<./images/magbegin.png>]
<images/maggentle.png, id=99, 526.96875pt x 444.15938pt>
File: images/maggentle.png Graphic file (type png)
<use images/maggentle.png>
Package luatex.def Info: images/maggentle.png  used on input line 36.
(luatex.def)             Requested size: 250.95476pt x 211.52007pt.
<images/rotatebesidecomputer.png, id=100, 526.96875pt x 444.15938pt>
File: images/rotatebesidecomputer.png Graphic file (type png)
<use images/rotatebesidecomputer.png>
Package luatex.def Info: images/rotatebesidecomputer.png  used on input line 47.
(luatex.def)             Requested size: 250.95476pt x 211.52007pt.
 [20<./images/maggentle.png>]
<images/biasmag.png, id=104, 526.96875pt x 444.15938pt>
File: images/biasmag.png Graphic file (type png)
<use images/biasmag.png>
Package luatex.def Info: images/biasmag.png  used on input line 57.
(luatex.def)             Requested size: 250.95476pt x 211.52007pt.
 [21<./images/rotatebesidecomputer.png><./images/biasmag.png>]
<images/returnmag.png, id=109, 526.96875pt x 444.15938pt>
File: images/returnmag.png Graphic file (type png)
<use images/returnmag.png>
Package luatex.def Info: images/returnmag.png  used on input line 66.
(luatex.def)             Requested size: 250.95476pt x 211.52007pt.
) [22<./images/returnmag.png>] ("e:/ChalmersOnedrive/OneDrive - Chalmers/文档/chalmers/sensor fusion/SensorFusion/project/project_report/SSY281Template.aux")

LaTeX Warning: There were multiply-defined labels.

)

Here is how much of LuaTeX's memory you used:
 8864 strings out of 477785
 100000,662416 words of node,token memory allocated
 510 words of node memory still in use:
   6 hlist, 2 vlist, 2 rule, 2 glue, 4 kern, 1 sub_mlist, 1 glyph, 8 attribute, 55 glue_spec, 8 attribute_list, 1 write nodes
   avail lists: 2:562,3:150,4:40,5:337,6:45,7:5427,8:43,9:599,10:13,11:608
 28992 multiletter control sequences out of 65536+600000
 69 fonts using 3585635 bytes
 55i,11n,61p,816b,563s stack positions out of 10000i,1000n,20000p,200000b,200000s
<d:/software/texlive/2022/texmf-dist/fonts/opentype/public/lm/lmmono12-regular.otf><d:/software/texlive/2022/texmf-dist/fonts/opentype/public/lm/lmroman12-italic.otf><d:/software/texlive/2022/texmf-dist/fonts/opentype/public/lm/lmroman10-italic.otf><d:/software/texlive/2022/texmf-dist/fonts/opentype/public/lm/lmroman12-bold.otf><d:/software/texlive/2022/texmf-dist/fonts/opentype/public/lm/lmroman12-regular.otf><d:/software/texlive/2022/texmf-dist/fonts/opentype/public/lm/lmroman17-regular.otf><d:/software/texlive/2022/texmf-dist/fonts/type1/public/amsfonts/cm/cmbx12.pfb><d:/software/texlive/2022/texmf-dist/fonts/type1/public/amsfonts/cm/cmex10.pfb><d:/software/texlive/2022/texmf-dist/fonts/type1/public/amsfonts/cm/cmmi12.pfb><d:/software/texlive/2022/texmf-dist/fonts/type1/public/amsfonts/cm/cmmi6.pfb><d:/software/texlive/2022/texmf-dist/fonts/type1/public/amsfonts/cm/cmmi8.pfb><d:/software/texlive/2022/texmf-dist/fonts/type1/public/amsfonts/cm/cmr12.pfb><d:/software/texlive/2022/texmf-dist/fonts/type1/public/amsfonts/cm/cmr6.pfb><d:/software/texlive/2022/texmf-dist/fonts/type1/public/amsfonts/cm/cmr8.pfb><d:/software/texlive/2022/texmf-dist/fonts/type1/public/amsfonts/cm/cmsy10.pfb><d:/software/texlive/2022/texmf-dist/fonts/type1/public/amsfonts/cm/cmsy6.pfb><d:/software/texlive/2022/texmf-dist/fonts/type1/public/amsfonts/cm/cmsy8.pfb>
Output written on SSY281Template.pdf (22 pages, 571632 bytes).

PDF statistics: 186 PDF objects out of 1000 (max. 8388607)
 106 compressed objects within 2 object streams
 0 named destinations out of 1000 (max. 131072)
 1 words of extra memory for PDF output out of 10000 (max. 100000000)

