This is LuaHBTeX, Version 1.15.0 (TeX Live 2022)  (format=lualatex 2023.3.7)  20 APR 2023 13:20
 system commands enabled.
 file:line:error style messages enabled.
**"e:/ChalmersOnedrive/OneDrive - Chalmers/文档/chalmers/sensor fusion/homework/homework2/HA2_report/SSY281Template"
("e:/ChalmersOnedrive/OneDrive - Chalmers/文档/chalmers/sensor fusion/homework/homework2/HA2_report/SSY281Template.tex"
LaTeX2e <2021-11-15> patch level 1
Lua module: luaotfload 2022-03-18 3.21 Lua based OpenType font support
Lua module: lualibs 2021-05-20 2.74 ConTeXt Lua standard libraries.
Lua module: lualibs-extended 2021-05-20 2.74 ConTeXt Lua libraries -- extended collection.
luaotfload | conf : Root cache directory is "D:/software/texlive/2022/texmf-var/luatex-cache/generic/names".
luaotfload | init : Loading fontloader "fontloader-2022-02-24.lua" from kpse-resolved path "d:/software/texlive/2022/texmf-dist/tex/luatex/luaotfload/fontloader-2022-02-24.lua".
Lua-only attribute luaotfload@noligature = 1
luaotfload | init : Context OpenType loader version 3.119
Inserting `luaotfload.node_processor' at position 1 in `pre_linebreak_filter'.
Inserting `luaotfload.node_processor' at position 1 in `hpack_filter'.
Inserting `luaotfload.glyph_stream' at position 1 in `glyph_stream_provider'.
Inserting `luaotfload.define_font' at position 1 in `define_font'.
Lua-only attribute luaotfload_color_attribute = 2
luaotfload | conf : Root cache directory is "D:/software/texlive/2022/texmf-var/luatex-cache/generic/names".
Inserting `luaotfload.harf.strip_prefix' at position 1 in `find_opentype_file'.
Inserting `luaotfload.harf.strip_prefix' at position 1 in `find_truetype_file'.
Removing  `luaotfload.glyph_stream' from `glyph_stream_provider'.
Inserting `luaotfload.harf.glyphstream' at position 1 in `glyph_stream_provider'.
Inserting `luaotfload.harf.finalize_vlist' at position 1 in `post_linebreak_filter'.
Inserting `luaotfload.harf.finalize_hlist' at position 2 in `hpack_filter'.
Inserting `luaotfload.cleanup_files' at position 1 in `wrapup_run'.
Inserting `luaotfload.harf.finalize_unicode' at position 1 in `finish_pdffile'.
Inserting `luaotfload.glyphinfo' at position 1 in `glyph_info'.
Lua-only attribute luaotfload.letterspace_done = 3
Inserting `luaotfload.aux.set_sscale_dimens' at position 1 in `luaotfload.patch_font'.
Inserting `luaotfload.aux.set_font_index' at position 2 in `luaotfload.patch_font'.
Inserting `luaotfload.aux.patch_cambria_domh' at position 3 in `luaotfload.patch_font'.
Inserting `luaotfload.aux.fixup_fontdata' at position 1 in `luaotfload.patch_font_unsafe'.
Inserting `luaotfload.aux.set_capheight' at position 4 in `luaotfload.patch_font'.
Inserting `luaotfload.aux.set_xheight' at position 5 in `luaotfload.patch_font'.
Inserting `luaotfload.rewrite_fontname' at position 6 in `luaotfload.patch_font'. L3 programming layer <2022-02-24>
Inserting `tracingstacklevels' at position 1 in `input_level_string'. (d:/software/texlive/2022/texmf-dist/tex/latex/base/article.cls
Document Class: article 2021/10/04 v1.4n Standard LaTeX document class
(d:/software/texlive/2022/texmf-dist/tex/latex/base/size12.clo
File: size12.clo 2021/10/04 v1.4n Standard LaTeX file (size option)
luaotfload | db : Font names database loaded from D:/software/texlive/2022/texmf-var/luatex-cache/generic/names/luaotfload-names.luc.gz)
\c@part=\count183
\c@section=\count184
\c@subsection=\count185
\c@subsubsection=\count186
\c@paragraph=\count187
\c@subparagraph=\count188
\c@figure=\count189
\c@table=\count190
\abovecaptionskip=\skip47
\belowcaptionskip=\skip48
\bibindent=\dimen137
) (d:/software/texlive/2022/texmf-dist/tex/latex/geometry/geometry.sty
Package: geometry 2020/01/02 v5.9 Page Geometry
 (d:/software/texlive/2022/texmf-dist/tex/latex/graphics/keyval.sty
Package: keyval 2014/10/28 v1.15 key=value parser (DPC)
\KV@toks@=\toks16
) (d:/software/texlive/2022/texmf-dist/tex/generic/iftex/ifvtex.sty
Package: ifvtex 2019/10/25 v1.7 ifvtex legacy package. Use iftex instead.
 (d:/software/texlive/2022/texmf-dist/tex/generic/iftex/iftex.sty
Package: iftex 2022/02/03 v1.0f TeX engine tests
))
\Gm@cnth=\count191
\Gm@cntv=\count192
\c@Gm@tempcnt=\count193
\Gm@bindingoffset=\dimen138
\Gm@wd@mp=\dimen139
\Gm@odd@mp=\dimen140
\Gm@even@mp=\dimen141
\Gm@layoutwidth=\dimen142
\Gm@layoutheight=\dimen143
\Gm@layouthoffset=\dimen144
\Gm@layoutvoffset=\dimen145
\Gm@dimlist=\toks17
) (d:/software/texlive/2022/texmf-dist/tex/latex/graphics/graphicx.sty
Package: graphicx 2021/09/16 v1.2d Enhanced LaTeX Graphics (DPC,SPQR)
 (d:/software/texlive/2022/texmf-dist/tex/latex/graphics/graphics.sty
Package: graphics 2021/03/04 v1.4d Standard LaTeX Graphics (DPC,SPQR)
 (d:/software/texlive/2022/texmf-dist/tex/latex/graphics/trig.sty
Package: trig 2021/08/11 v1.11 sin cos tan (DPC)
) (d:/software/texlive/2022/texmf-dist/tex/latex/graphics-cfg/graphics.cfg
File: graphics.cfg 2016/06/04 v1.11 sample graphics configuration
)
Package graphics Info: Driver file: luatex.def on input line 107.
 (d:/software/texlive/2022/texmf-dist/tex/latex/graphics-def/luatex.def
File: luatex.def 2021/06/01 v1.2c Graphics/color driver for luatex
))
\Gin@req@height=\dimen146
\Gin@req@width=\dimen147
) (d:/software/texlive/2022/texmf-dist/tex/latex/float/float.sty
Package: float 2001/11/08 v1.3d Float enhancements (AL)
\c@float@type=\count194
\float@exts=\toks18
\float@box=\box50
\@float@everytoks=\toks19
\@floatcapt=\box51
) (d:/software/texlive/2022/texmf-dist/tex/latex/wrapfig/wrapfig.sty
\wrapoverhang=\dimen148
\WF@size=\dimen149
\c@WF@wrappedlines=\count195
\WF@box=\box52
\WF@everypar=\toks20
Package: wrapfig 2003/01/31  v 3.6
) (d:/software/texlive/2022/texmf-dist/tex/latex/caption/caption.sty
Package: caption 2022/03/01 v3.6b Customizing captions (AR)
 (d:/software/texlive/2022/texmf-dist/tex/latex/caption/caption3.sty
Package: caption3 2022/03/17 v2.3b caption3 kernel (AR)
\caption@tempdima=\dimen150
\captionmargin=\dimen151
\caption@leftmargin=\dimen152
\caption@rightmargin=\dimen153
\caption@width=\dimen154
\caption@indent=\dimen155
\caption@parindent=\dimen156
\caption@hangindent=\dimen157
Package caption Info: Standard document class detected.
)
\c@caption@flags=\count196
\c@continuedfloat=\count197
Package caption Info: float package is loaded.
Package caption Info: wrapfig package is loaded.
) (d:/software/texlive/2022/texmf-dist/tex/latex/caption/subcaption.sty
Package: subcaption 2022/01/07 v1.5 Sub-captions (AR)
\c@subfigure=\count198
\c@subtable=\count199
) (d:/software/texlive/2022/texmf-dist/tex/latex/epstopdf-pkg/epstopdf.sty
Package: epstopdf 2020-01-24 v2.11 Conversion with epstopdf on the fly (HO)
 (d:/software/texlive/2022/texmf-dist/tex/generic/infwarerr/infwarerr.sty
Package: infwarerr 2019/12/03 v1.5 Providing info/warning/error messages (HO)
) (d:/software/texlive/2022/texmf-dist/tex/latex/grfext/grfext.sty
Package: grfext 2019/12/03 v1.3 Manage graphics extensions (HO)
 (d:/software/texlive/2022/texmf-dist/tex/generic/kvdefinekeys/kvdefinekeys.sty
Package: kvdefinekeys 2019-12-19 v1.6 Define keys (HO)
)) (d:/software/texlive/2022/texmf-dist/tex/latex/kvoptions/kvoptions.sty
Package: kvoptions 2020-10-07 v3.14 Key value format for package options (HO)
 (d:/software/texlive/2022/texmf-dist/tex/generic/ltxcmds/ltxcmds.sty
Package: ltxcmds 2020-05-10 v1.25 LaTeX kernel commands for general use (HO)
) (d:/software/texlive/2022/texmf-dist/tex/generic/kvsetkeys/kvsetkeys.sty
Package: kvsetkeys 2019/12/15 v1.18 Key value parser (HO)
)) (d:/software/texlive/2022/texmf-dist/tex/generic/pdftexcmds/pdftexcmds.sty
Package: pdftexcmds 2020-06-27 v0.33 Utility functions of pdfTeX for LuaTeX (HO)
Package pdftexcmds Info: \pdf@primitive is available.
Package pdftexcmds Info: \pdf@ifprimitive is available.
Package pdftexcmds Info: \pdfdraftmode found.
\pdftexcmds@toks=\toks21
) (d:/software/texlive/2022/texmf-dist/tex/latex/epstopdf-pkg/epstopdf-base.sty
Package: epstopdf-base 2020-01-24 v2.11 Base part for package epstopdf
Package epstopdf-base Info: Redefining graphics rule for `.eps' on input line 485.
Package grfext Info: Graphics extension search list:
(grfext)             [.pdf,.png,.jpg,.mps,.jpeg,.jbig2,.jb2,.PDF,.PNG,.JPG,.JPEG,.JBIG2,.JB2,.eps]
(grfext)             \AppendGraphicsExtensions on input line 504.
 (d:/software/texlive/2022/texmf-dist/tex/latex/latexconfig/epstopdf-sys.cfg
File: epstopdf-sys.cfg 2010/07/13 v1.3 Configuration of (r)epstopdf for TeX Live
))) (d:/software/texlive/2022/texmf-dist/tex/latex/amsfonts/amssymb.sty
Package: amssymb 2013/01/14 v3.01 AMS font symbols
 (d:/software/texlive/2022/texmf-dist/tex/latex/amsfonts/amsfonts.sty
Package: amsfonts 2013/01/14 v3.01 Basic AMSFonts support
\@emptytoks=\toks22
\symAMSa=\mathgroup4
\symAMSb=\mathgroup5
LaTeX Font Info:    Redeclaring math symbol \hbar on input line 98.
LaTeX Font Info:    Overwriting math alphabet `\mathfrak' in version `bold'
(Font)                  U/euf/m/n --> U/euf/b/n on input line 106.
)) (d:/software/texlive/2022/texmf-dist/tex/latex/amsmath/amsmath.sty
Package: amsmath 2021/10/15 v2.17l AMS math features
\@mathmargin=\skip49

For additional information on amsmath, use the `?' option.
(d:/software/texlive/2022/texmf-dist/tex/latex/amsmath/amstext.sty
Package: amstext 2021/08/26 v2.01 AMS text
 (d:/software/texlive/2022/texmf-dist/tex/latex/amsmath/amsgen.sty
File: amsgen.sty 1999/11/30 v2.0 generic functions
\@emptytoks=\toks23
\ex@=\dimen158
)) (d:/software/texlive/2022/texmf-dist/tex/latex/amsmath/amsbsy.sty
Package: amsbsy 1999/11/29 v1.2d Bold Symbols
\pmbraise@=\dimen159
) (d:/software/texlive/2022/texmf-dist/tex/latex/amsmath/amsopn.sty
Package: amsopn 2021/08/26 v2.02 operator names
)
\inf@bad=\count266
LaTeX Info: Redefining \frac on input line 236.
\uproot@=\count267
\leftroot@=\count268
LaTeX Info: Redefining \overline on input line 399.
\classnum@=\count269
\DOTSCASE@=\count270
LaTeX Info: Redefining \ldots on input line 496.
LaTeX Info: Redefining \dots on input line 499.
LaTeX Info: Redefining \cdots on input line 620.
\Mathstrutbox@=\box53
\strutbox@=\box54
\big@size=\dimen160
LaTeX Font Info:    Redeclaring font encoding OML on input line 743.
LaTeX Font Info:    Redeclaring font encoding OMS on input line 744.
\macc@depth=\count271
\c@MaxMatrixCols=\count272
\dotsspace@=\muskip16
\c@parentequation=\count273
\dspbrk@lvl=\count274
\tag@help=\toks24
\row@=\count275
\column@=\count276
\maxfields@=\count277
\andhelp@=\toks25
\eqnshift@=\dimen161
\alignsep@=\dimen162
\tagshift@=\dimen163
\tagwidth@=\dimen164
\totwidth@=\dimen165
\lineht@=\dimen166
\@envbody=\toks26
\multlinegap=\skip50
\multlinetaggap=\skip51
\mathdisplay@stack=\toks27
LaTeX Info: Redefining \[ on input line 2938.
LaTeX Info: Redefining \] on input line 2939.
) (d:/software/texlive/2022/texmf-dist/tex/latex/algorithms/algorithm.sty
Package: algorithm 2009/08/24 v0.1 Document Style `algorithm' - floating environment
 (d:/software/texlive/2022/texmf-dist/tex/latex/base/ifthen.sty
Package: ifthen 2020/11/24 v1.1c Standard LaTeX ifthen package (DPC)
)
\@float@every@algorithm=\toks28
\c@algorithm=\count278
) (d:/software/texlive/2022/texmf-dist/tex/latex/algorithmicx/algpseudocode.sty
Package: algpseudocode 
 (d:/software/texlive/2022/texmf-dist/tex/latex/algorithmicx/algorithmicx.sty
Package: algorithmicx 2005/04/27 v1.2 Algorithmicx

Document Style algorithmicx 1.2 - a greatly improved `algorithmic' style
\c@ALG@line=\count279
\c@ALG@rem=\count280
\c@ALG@nested=\count281
\ALG@tlm=\skip52
\ALG@thistlm=\skip53
\c@ALG@Lnr=\count282
\c@ALG@blocknr=\count283
\c@ALG@storecount=\count284
\c@ALG@tmpcounter=\count285
\ALG@tmplength=\skip54
)
Document Style - pseudocode environments for use with the `algorithmicx' style
) ("e:/ChalmersOnedrive/OneDrive - Chalmers/文档/chalmers/sensor fusion/homework/homework2/HA2_report/mcode.sty"
-- Package: `mcode' 2.5 <2014/03/06> --
Package: mcode 2014/03/06 2.5
 - settings optimized for display (colour formating)
(d:/software/texlive/2022/texmf-dist/tex/latex/xcolor/xcolor.sty
Package: xcolor 2021/10/31 v2.13 LaTeX color extensions (UK)
 (d:/software/texlive/2022/texmf-dist/tex/latex/graphics-cfg/color.cfg
File: color.cfg 2016/01/02 v1.6 sample color configuration
)
Package xcolor Info: Driver file: luatex.def on input line 227.
Package xcolor Info: Model `cmy' substituted by `cmy0' on input line 1352.
Package xcolor Info: Model `hsb' substituted by `rgb' on input line 1356.
Package xcolor Info: Model `RGB' extended on input line 1368.
Package xcolor Info: Model `HTML' substituted by `rgb' on input line 1370.
Package xcolor Info: Model `Hsb' substituted by `hsb' on input line 1371.
Package xcolor Info: Model `tHsb' substituted by `hsb' on input line 1372.
Package xcolor Info: Model `HSB' substituted by `hsb' on input line 1373.
Package xcolor Info: Model `Gray' substituted by `gray' on input line 1374.
Package xcolor Info: Model `wave' substituted by `hsb' on input line 1375.
) (d:/software/texlive/2022/texmf-dist/tex/latex/listings/listings.sty
\lst@mode=\count286
\lst@gtempboxa=\box55
\lst@token=\toks29
\lst@length=\count287
\lst@currlwidth=\dimen167
\lst@column=\count288
\lst@pos=\count289
\lst@lostspace=\dimen168
\lst@width=\dimen169
\lst@newlines=\count290
\lst@lineno=\count291
\lst@maxwidth=\dimen170
 (d:/software/texlive/2022/texmf-dist/tex/latex/listings/lstmisc.sty
File: lstmisc.sty 2020/03/24 1.8d (Carsten Heinz)
\c@lstnumber=\count292
\lst@skipnumbers=\count293
\lst@framebox=\box56
) (d:/software/texlive/2022/texmf-dist/tex/latex/listings/listings.cfg
File: listings.cfg 2020/03/24 1.8d listings configuration
))
Package: listings 2020/03/24 1.8d (Carsten Heinz)
) (d:/software/texlive/2022/texmf-dist/tex/latex/tools/enumerate.sty
Package: enumerate 2015/07/23 v3.00 enumerate extensions (DPC)
\@enLab=\toks30
) (d:/software/texlive/2022/texmf-dist/tex/latex/tools/indentfirst.sty
Package: indentfirst 1995/11/23 v1.03 Indent first paragraph (DPC)
) (d:/software/texlive/2022/texmf-dist/tex/latex/listings/lstlang1.sty
File: lstlang1.sty 2020/03/24 1.8d listings language file
) (d:/software/texlive/2022/texmf-dist/tex/latex/l3backend/l3backend-luatex.def
File: l3backend-luatex.def 2022-02-07 L3 backend support: PDF output (LuaTeX)
\l__color_backend_stack_int=\count294
\l__pdf_internal_box=\box57
) ("e:/ChalmersOnedrive/OneDrive - Chalmers/文档/chalmers/sensor fusion/homework/homework2/HA2_report/SSY281Template.aux")
\openout1 = SSY281Template.aux

LaTeX Font Info:    Checking defaults for OML/cmm/m/it on input line 64.
LaTeX Font Info:    ... okay on input line 64.
LaTeX Font Info:    Checking defaults for OMS/cmsy/m/n on input line 64.
LaTeX Font Info:    ... okay on input line 64.
LaTeX Font Info:    Checking defaults for OT1/cmr/m/n on input line 64.
LaTeX Font Info:    ... okay on input line 64.
LaTeX Font Info:    Checking defaults for T1/cmr/m/n on input line 64.
LaTeX Font Info:    ... okay on input line 64.
LaTeX Font Info:    Checking defaults for TS1/cmr/m/n on input line 64.
LaTeX Font Info:    Trying to load font information for TS1+cmr on input line 64.
 (d:/software/texlive/2022/texmf-dist/tex/latex/base/ts1cmr.fd
File: ts1cmr.fd 2019/12/16 v2.5j Standard LaTeX font definitions
)
LaTeX Font Info:    ... okay on input line 64.
LaTeX Font Info:    Checking defaults for TU/lmr/m/n on input line 64.
LaTeX Font Info:    ... okay on input line 64.
LaTeX Font Info:    Checking defaults for OMX/cmex/m/n on input line 64.
LaTeX Font Info:    ... okay on input line 64.
LaTeX Font Info:    Checking defaults for U/cmr/m/n on input line 64.
LaTeX Font Info:    ... okay on input line 64.

*geometry* driver: auto-detecting
*geometry* detected driver: luatex
*geometry* verbose mode - [ preamble ] result:
* driver: luatex
* paper: a4paper
* layout: <same size as paper>
* layoutoffset:(h,v)=(0.0pt,0.0pt)
* modes: 
* h-part:(L,W,R)=(89.62709pt, 418.25368pt, 89.6271pt)
* v-part:(T,H,B)=(101.40665pt, 591.5302pt, 152.11pt)
* \paperwidth=597.50787pt
* \paperheight=845.04684pt
* \textwidth=418.25368pt
* \textheight=591.5302pt
* \oddsidemargin=17.3571pt
* \evensidemargin=17.3571pt
* \topmargin=-7.86334pt
* \headheight=12.0pt
* \headsep=25.0pt
* \topskip=12.0pt
* \footskip=30.0pt
* \marginparwidth=44.0pt
* \marginparsep=10.0pt
* \columnsep=10.0pt
* \skip\footins=10.8pt plus 4.0pt minus 2.0pt
* \hoffset=0.0pt
* \voffset=0.0pt
* \mag=1000
* \@twocolumnfalse
* \@twosidefalse
* \@mparswitchfalse
* \@reversemarginfalse
* (1in=72.27pt=25.4mm, 1cm=28.453pt)

(d:/software/texlive/2022/texmf-dist/tex/context/base/mkii/supp-pdf.mkii
[Loading MPS to PDF converter (version 2006.09.02).]
\scratchcounter=\count295
\scratchdimen=\dimen171
\scratchbox=\box58
\nofMPsegments=\count296
\nofMParguments=\count297
\everyMPshowfont=\toks31
\MPscratchCnt=\count298
\MPscratchDim=\dimen172
\MPnumerator=\count299
\makeMPintoPDFobject=\count300
\everyMPtoPDFconversion=\toks32
)
Package caption Info: Begin \AtBeginDocument code.
Package caption Info: listings package is loaded.
Package caption Info: End \AtBeginDocument code.
\c@lstlisting=\count301
LaTeX Font Info:    Trying to load font information for U+msa on input line 65.
 (d:/software/texlive/2022/texmf-dist/tex/latex/amsfonts/umsa.fd
File: umsa.fd 2013/01/14 v3.01 AMS symbols A
)
LaTeX Font Info:    Trying to load font information for U+msb on input line 65.
 (d:/software/texlive/2022/texmf-dist/tex/latex/amsfonts/umsb.fd
File: umsb.fd 2013/01/14 v3.01 AMS symbols B
) [1

{d:/software/texlive/2022/texmf-var/fonts/map/pdftex/updmap/pdftex.map}] ("e:/ChalmersOnedrive/OneDrive - Chalmers/文档/chalmers/sensor fusion/homework/homework2/HA2_report/Q1.tex"
<images/figurefor1a.png, id=8, 554.07pt x 410.2828pt>
File: images/figurefor1a.png Graphic file (type png)
<use images/figurefor1a.png>
Package luatex.def Info: images/figurefor1a.png  used on input line 8.
(luatex.def)             Requested size: 292.77629pt x 216.79776pt.
<images/kalmanfilterresult.png, id=9, 764.8575pt x 672.26157pt>
File: images/kalmanfilterresult.png Graphic file (type png)
<use images/kalmanfilterresult.png>
Package luatex.def Info: images/kalmanfilterresult.png  used on input line 23.
(luatex.def)             Requested size: 188.21288pt x 165.4287pt.
<images/errordensity.png, id=10, 781.41937pt x 590.205pt>
File: images/errordensity.png Graphic file (type png)
<use images/errordensity.png>
Package luatex.def Info: images/errordensity.png  used on input line 29.
(luatex.def)             Requested size: 188.21288pt x 142.15642pt.
 [2<./images/figurefor1a.png>] [3<./images/kalmanfilterresult.png><./images/errordensity.png>]
<images/incorrectpriorcompare.png, id=24, 759.58781pt x 627.09282pt>
File: images/incorrectpriorcompare.png Graphic file (type png)
<use images/incorrectpriorcompare.png>
Package luatex.def Info: images/incorrectpriorcompare.png  used on input line 48.
(luatex.def)             Requested size: 292.77629pt x 241.71376pt.
<images/steps.png, id=25, 784.43062pt x 596.2275pt>
File: images/steps.png Graphic file (type png)
<use images/steps.png>
Package luatex.def Info: images/steps.png  used on input line 60.
(luatex.def)             Requested size: 292.77629pt x 222.53853pt.
 [4<./images/incorrectpriorcompare.png>]
<images/higstogramandpdffor1e.png, id=29, 500.62032pt x 386.94562pt>
File: images/higstogramandpdffor1e.png Graphic file (type png)
<use images/higstogramandpdffor1e.png>
Package luatex.def Info: images/higstogramandpdffor1e.png  used on input line 83.
(luatex.def)             Requested size: 292.77629pt x 226.30618pt.
 [5<./images/steps.png>]
<images/1e21.png, id=37, 422.32782pt x 344.03531pt>
File: images/1e21.png Graphic file (type png)
<use images/1e21.png>
Package luatex.def Info: images/1e21.png  used on input line 107.
(luatex.def)             Requested size: 188.21288pt x 153.32358pt.
<images/1e22.png, id=38, 463.7325pt x 353.06906pt>
File: images/1e22.png Graphic file (type png)
<use images/1e22.png>
Package luatex.def Info: images/1e22.png  used on input line 113.
(luatex.def)             Requested size: 188.21288pt x 143.29926pt.
 [6<./images/higstogramandpdffor1e.png>]) ("e:/ChalmersOnedrive/OneDrive - Chalmers/文档/chalmers/sensor fusion/homework/homework2/HA2_report/Q2.tex" [7<./images/1e21.png><./images/1e22.png>]
LaTeX Font Info:    Font shape `TU/lmtt/bx/n' in size <10.95> not available
(Font)              Font shape `TU/lmtt/b/n' tried instead on input line 26.
 [8]
LaTeX Font Info:    Trying to load font information for TU+ptm on input line 82.
LaTeX Font Info:    No file TUptm.fd. on input line 82.


LaTeX Font Warning: Font shape `TU/ptm/m/n' undefined
(Font)              using `TU/lmr/m/n' instead on input line 82.

[9
Missing character: There is no ˷ (U+02F7) in font [lmroman10-regular]:+tlig;!
]
LaTeX Font Info:    Trying to load font information for TU+pcr on input line 94.
LaTeX Font Info:    No file TUpcr.fd. on input line 94.


LaTeX Font Warning: Font shape `TU/pcr/m/n' undefined
(Font)              using `TU/lmr/m/n' instead on input line 94.

[10]
<images/positionQc=0.0001.png, id=62, 444.91219pt x 344.03531pt>
File: images/positionQc=0.0001.png Graphic file (type png)
<use images/positionQc=0.0001.png>
Package luatex.def Info: images/positionQc=0.0001.png  used on input line 138.
(luatex.def)             Requested size: 125.47737pt x 97.02742pt.
<images/positionQc=1.png, id=63, 427.5975pt x 347.04657pt>
File: images/positionQc=1.png Graphic file (type png)
<use images/positionQc=1.png>
Package luatex.def Info: images/positionQc=1.png  used on input line 143.
(luatex.def)             Requested size: 125.47737pt x 101.8377pt.
<images/positionQc=10000.png, id=64, 441.14813pt x 337.26pt>
File: images/positionQc=10000.png Graphic file (type png)
<use images/positionQc=10000.png>
Package luatex.def Info: images/positionQc=10000.png  used on input line 148.
(luatex.def)             Requested size: 125.47737pt x 95.92453pt.
<images/velocityQc=0.0001.png, id=65, 430.60875pt x 341.02406pt>
File: images/velocityQc=0.0001.png Graphic file (type png)
<use images/velocityQc=0.0001.png>
Package luatex.def Info: images/velocityQc=0.0001.png  used on input line 159.
(luatex.def)             Requested size: 125.47737pt x 99.37317pt.
<images/velocityQc=1.png, id=66, 444.15938pt x 341.02406pt>
File: images/velocityQc=1.png Graphic file (type png)
<use images/velocityQc=1.png>
Package luatex.def Info: images/velocityQc=1.png  used on input line 164.
(luatex.def)             Requested size: 125.47737pt x 96.33946pt.
<images/velocityQc=10000.png, id=67, 440.39531pt x 349.305pt>
File: images/velocityQc=10000.png Graphic file (type png)
<use images/velocityQc=10000.png>
Package luatex.def Info: images/velocityQc=10000.png  used on input line 169.
(luatex.def)             Requested size: 125.47737pt x 99.52097pt.

Underfull \hbox (badness 10000) in paragraph at lines 183--184

 []

[11<./images/positionQc=0.0001.png><./images/positionQc=1.png><./images/positionQc=10000.png><./images/velocityQc=0.0001.png><./images/velocityQc=1.png><./images/velocityQc=10000.png>]
<images/correlationofposition.png, id=72, 843.15pt x 626.34pt>
File: images/correlationofposition.png Graphic file (type png)
<use images/correlationofposition.png>
Package luatex.def Info: images/correlationofposition.png  used on input line 222.
(luatex.def)             Requested size: 292.77629pt x 217.49243pt.
 [12]
<images/correlationofvelocity.png, id=76, 843.15pt x 624.83438pt>
File: images/correlationofvelocity.png Graphic file (type png)
<use images/correlationofvelocity.png>
Package luatex.def Info: images/correlationofvelocity.png  used on input line 229.
(luatex.def)             Requested size: 292.77629pt x 216.96962pt.
) [13<./images/correlationofposition.png><./images/correlationofvelocity.png>] ("e:/ChalmersOnedrive/OneDrive - Chalmers/文档/chalmers/sensor fusion/homework/homework2/HA2_report/SSY281Template.aux")

LaTeX Font Warning: Some font shapes were not available, defaults substituted.

)

Here is how much of LuaTeX's memory you used:
 8916 strings out of 477785
 244182,662416 words of node,token memory allocated
 536 words of node memory still in use:
   6 hlist, 2 vlist, 2 rule, 2 glue, 4 kern, 1 glyph, 19 attribute, 52 glue_spec, 19 attribute_list, 1 write nodes
   avail lists: 2:2120,3:184,4:2728,5:6315,6:65,7:6844,8:26,9:11512,10:32,11:487
 29161 multiletter control sequences out of 65536+600000
 82 fonts using 4334467 bytes
 55i,15n,61p,852b,1028s stack positions out of 10000i,1000n,20000p,200000b,200000s
<d:/software/texlive/2022/texmf-dist/fonts/opentype/public/lm/lmroman10-regular.otf><d:/software/texlive/2022/texmf-dist/fonts/opentype/public/lm/lmmono10-italic.otf><d:/software/texlive/2022/texmf-dist/fonts/opentype/public/lm/lmmonolt10-bold.otf><d:/software/texlive/2022/texmf-dist/fonts/opentype/public/lm/lmmono10-regular.otf><d:/software/texlive/2022/texmf-dist/fonts/opentype/public/lm/lmroman6-regular.otf><d:/software/texlive/2022/texmf-dist/fonts/opentype/public/lm/lmmono12-regular.otf><d:/software/texlive/2022/texmf-dist/fonts/opentype/public/lm/lmroman12-italic.otf><d:/software/texlive/2022/texmf-dist/fonts/opentype/public/lm/lmroman10-italic.otf><d:/software/texlive/2022/texmf-dist/fonts/opentype/public/lm/lmroman12-bold.otf><d:/software/texlive/2022/texmf-dist/fonts/opentype/public/lm/lmroman12-regular.otf><d:/software/texlive/2022/texmf-dist/fonts/opentype/public/lm/lmroman17-regular.otf><d:/software/texlive/2022/texmf-dist/fonts/type1/public/amsfonts/cm/cmex10.pfb><d:/software/texlive/2022/texmf-dist/fonts/type1/public/amsfonts/cm/cmmi10.pfb><d:/software/texlive/2022/texmf-dist/fonts/type1/public/amsfonts/cm/cmmi12.pfb><d:/software/texlive/2022/texmf-dist/fonts/type1/public/amsfonts/cm/cmmi7.pfb><d:/software/texlive/2022/texmf-dist/fonts/type1/public/amsfonts/cm/cmmi8.pfb><d:/software/texlive/2022/texmf-dist/fonts/type1/public/amsfonts/cm/cmr10.pfb><d:/software/texlive/2022/texmf-dist/fonts/type1/public/amsfonts/cm/cmr12.pfb><d:/software/texlive/2022/texmf-dist/fonts/type1/public/amsfonts/cm/cmr8.pfb><d:/software/texlive/2022/texmf-dist/fonts/type1/public/amsfonts/cm/cmsy10.pfb><d:/software/texlive/2022/texmf-dist/fonts/type1/public/amsfonts/cm/cmsy8.pfb>
Output written on SSY281Template.pdf (13 pages, 643563 bytes).

PDF statistics: 180 PDF objects out of 1000 (max. 8388607)
 104 compressed objects within 2 object streams
 0 named destinations out of 1000 (max. 131072)
 1 words of extra memory for PDF output out of 10000 (max. 100000000)

